<?xml version="1.0" encoding="UTF-8"?>
<!-- Generated by org.testng.reporters.JUnitReportReporter -->
<testsuite hostname="lapsun09" failures="0" tests="1" name="Dashboard" time="9.613" errors="0" timestamp="28 Apr 2020 04:26:00 GMT" skipped="0">
  <testcase classname="Dashboard" name="dashboardPage" time="9.613"/>
</testsuite> <!-- Dashboard -->
