<?xml version="1.0" encoding="UTF-8"?>
<!-- Generated by org.testng.reporters.JUnitReportReporter -->
<testsuite hostname="lapsun09" failures="0" tests="1" name="TrfManagement" time="15.543" errors="0" timestamp="28 Apr 2020 04:26:00 GMT" skipped="0">
  <testcase classname="TrfManagement" name="TrfTab" time="15.543"/>
</testsuite> <!-- TrfManagement -->
