<?xml version="1.0" encoding="UTF-8"?>
<!-- Generated by org.testng.reporters.JUnitReportReporter -->
<testsuite hostname="lapsun09" failures="0" tests="1" name="Placeholder" time="13.963" errors="0" timestamp="27 Apr 2020 20:32:50 GMT" skipped="0">
  <testcase classname="Placeholder" name="Placeholder" time="13.963"/>
</testsuite> <!-- Placeholder -->
